<?xml version="1.0" encoding="UTF-8"?>
<!-- Generated by org.testng.reporters.JUnitXMLReporter -->
<testsuite ignored="10" hostname="ASCINLAP61421" failures="1" tests="6" name="Ajio End-to-End Tests" time="165.907" errors="0" timestamp="2025-10-30T13:13:49 IST">
  <testcase classname="com.ajio.tests.LoginAjio" name="loginWithValidPhoneNumber" time="30.084"/>
  <testcase classname="com.ajio.tests.SearchAjio" name="searchForProduct" time="14.558"/>
  <testcase classname="com.ajio.tests.AddToCartAjio" name="addProductToCart" time="18.785"/>
  <testcase classname="com.ajio.tests.CartQuantityAjio" name="increaseQuantityInCart" time="19.985">
    <failure type="java.lang.RuntimeException" message="❌ Quantity increase failed.">
      <![CDATA[java.lang.RuntimeException: ❌ Quantity increase failed.
at com.ajio.tests.CartQuantityAjio.increaseQuantityInCart(CartQuantityAjio.java:55)
at java.base/java.util.ArrayList.forEach(ArrayList.java:1596)
... Removed 25 stack frames]]>
    </failure>
  </testcase> <!-- increaseQuantityInCart -->
  <testcase classname="com.ajio.tests.RemoveFromCartAjio" name="removeProductFromCart" time="33.006"/>
  <testcase classname="com.ajio.tests.CheckoutAjio" name="checkoutFlowTest" time="49.4"/>
  <testcase classname="com.ajio.base.BaseTest" name="@AfterSuite flushReport" time="0.0">
    <ignored/>
  </testcase> <!-- @AfterSuite flushReport -->
  <testcase classname="com.ajio.base.BaseTest" name="@AfterSuite flushReport" time="0.0">
    <ignored/>
  </testcase> <!-- @AfterSuite flushReport -->
  <testcase classname="com.ajio.base.BaseTest" name="@BeforeSuite setupReport" time="0.0">
    <ignored/>
  </testcase> <!-- @BeforeSuite setupReport -->
  <testcase classname="com.ajio.base.BaseTest" name="@BeforeSuite setupReport" time="0.0">
    <ignored/>
  </testcase> <!-- @BeforeSuite setupReport -->
  <testcase classname="com.ajio.base.BaseTest" name="@AfterSuite flushReport" time="0.0">
    <ignored/>
  </testcase> <!-- @AfterSuite flushReport -->
  <testcase classname="com.ajio.base.BaseTest" name="@BeforeSuite setupReport" time="0.0">
    <ignored/>
  </testcase> <!-- @BeforeSuite setupReport -->
  <testcase classname="com.ajio.base.BaseTest" name="@AfterSuite flushReport" time="0.0">
    <ignored/>
  </testcase> <!-- @AfterSuite flushReport -->
  <testcase classname="com.ajio.base.BaseTest" name="@BeforeSuite setupReport" time="0.0">
    <ignored/>
  </testcase> <!-- @BeforeSuite setupReport -->
  <testcase classname="com.ajio.base.BaseTest" name="@BeforeSuite setupReport" time="0.0">
    <ignored/>
  </testcase> <!-- @BeforeSuite setupReport -->
  <testcase classname="com.ajio.base.BaseTest" name="@AfterSuite flushReport" time="0.0">
    <ignored/>
  </testcase> <!-- @AfterSuite flushReport -->
</testsuite> <!-- Ajio End-to-End Tests -->
