<?xml version="1.0" encoding="UTF-8"?>
<testng-results ignored="10" total="16" passed="5" failed="1" skipped="0">
  <reporter-output>
  </reporter-output>
  <suite started-at="2025-10-30T13:11:03 IST" name="Ajio Automation Suite" finished-at="2025-10-30T13:13:48 IST" duration-ms="165907">
    <groups>
    </groups>
    <test started-at="2025-10-30T13:11:03 IST" name="Ajio End-to-End Tests" finished-at="2025-10-30T13:13:48 IST" duration-ms="165907">
      <class name="com.ajio.tests.LoginAjio">
        <test-method is-config="true" signature="setupReport()[pri:0, instance:com.ajio.tests.LoginAjio@26794848]" started-at="2025-10-30T13:10:59 IST" name="setupReport" finished-at="2025-10-30T13:11:03 IST" duration-ms="3362" status="PASS">
          <reporter-output>
          </reporter-output>
        </test-method> <!-- setupReport -->
        <test-method signature="loginWithValidPhoneNumber()[pri:0, instance:com.ajio.tests.LoginAjio@26794848]" started-at="2025-10-30T13:11:03 IST" name="loginWithValidPhoneNumber" finished-at="2025-10-30T13:11:33 IST" duration-ms="30084" status="PASS">
          <reporter-output>
          </reporter-output>
        </test-method> <!-- loginWithValidPhoneNumber -->
        <test-method is-config="true" signature="flushReport()[pri:0, instance:com.ajio.tests.LoginAjio@26794848]" started-at="2025-10-30T13:13:49 IST" name="flushReport" finished-at="2025-10-30T13:14:00 IST" duration-ms="11803" status="PASS">
          <reporter-output>
          </reporter-output>
        </test-method> <!-- flushReport -->
      </class> <!-- com.ajio.tests.LoginAjio -->
      <class name="com.ajio.tests.SearchAjio">
        <test-method signature="searchForProduct()[pri:0, instance:com.ajio.tests.SearchAjio@55fe41ea]" started-at="2025-10-30T13:11:33 IST" name="searchForProduct" finished-at="2025-10-30T13:11:47 IST" duration-ms="14558" status="PASS">
          <reporter-output>
          </reporter-output>
        </test-method> <!-- searchForProduct -->
      </class> <!-- com.ajio.tests.SearchAjio -->
      <class name="com.ajio.tests.CheckoutAjio">
        <test-method signature="checkoutFlowTest()[pri:0, instance:com.ajio.tests.CheckoutAjio@7a8c8dcf]" started-at="2025-10-30T13:12:59 IST" name="checkoutFlowTest" finished-at="2025-10-30T13:13:48 IST" duration-ms="49400" status="PASS">
          <reporter-output>
          </reporter-output>
        </test-method> <!-- checkoutFlowTest -->
      </class> <!-- com.ajio.tests.CheckoutAjio -->
      <class name="com.ajio.tests.CartQuantityAjio">
        <test-method signature="increaseQuantityInCart()[pri:0, instance:com.ajio.tests.CartQuantityAjio@1ce24091]" started-at="2025-10-30T13:12:06 IST" name="increaseQuantityInCart" finished-at="2025-10-30T13:12:26 IST" duration-ms="19985" status="FAIL">
          <exception class="java.lang.RuntimeException">
            <message>
              <![CDATA[❌ Quantity increase failed.]]>
            </message>
            <full-stacktrace>
              <![CDATA[java.lang.RuntimeException: ❌ Quantity increase failed.
at com.ajio.tests.CartQuantityAjio.increaseQuantityInCart(CartQuantityAjio.java:55)
at java.base/jdk.internal.reflect.DirectMethodHandleAccessor.invoke(DirectMethodHandleAccessor.java:103)
at java.base/java.lang.reflect.Method.invoke(Method.java:580)
at org.testng.internal.invokers.MethodInvocationHelper.invokeMethod(MethodInvocationHelper.java:139)
at org.testng.internal.invokers.TestInvoker.invokeMethod(TestInvoker.java:677)
at org.testng.internal.invokers.TestInvoker.invokeTestMethod(TestInvoker.java:221)
at org.testng.internal.invokers.MethodRunner.runInSequence(MethodRunner.java:50)
at org.testng.internal.invokers.TestInvoker$MethodInvocationAgent.invoke(TestInvoker.java:969)
at org.testng.internal.invokers.TestInvoker.invokeTestMethods(TestInvoker.java:194)
at org.testng.internal.invokers.TestMethodWorker.invokeTestMethods(TestMethodWorker.java:148)
at org.testng.internal.invokers.TestMethodWorker.run(TestMethodWorker.java:128)
at java.base/java.util.ArrayList.forEach(ArrayList.java:1596)
at org.testng.TestRunner.privateRun(TestRunner.java:829)
at org.testng.TestRunner.run(TestRunner.java:602)
at org.testng.SuiteRunner.runTest(SuiteRunner.java:437)
at org.testng.SuiteRunner.runSequentially(SuiteRunner.java:431)
at org.testng.SuiteRunner.privateRun(SuiteRunner.java:391)
at org.testng.SuiteRunner.run(SuiteRunner.java:330)
at org.testng.SuiteRunnerWorker.runSuite(SuiteRunnerWorker.java:52)
at org.testng.SuiteRunnerWorker.run(SuiteRunnerWorker.java:95)
at org.testng.TestNG.runSuitesSequentially(TestNG.java:1256)
at org.testng.TestNG.runSuitesLocally(TestNG.java:1176)
at org.testng.TestNG.runSuites(TestNG.java:1099)
at org.testng.TestNG.run(TestNG.java:1067)
at org.testng.remote.AbstractRemoteTestNG.run(AbstractRemoteTestNG.java:115)
at org.testng.remote.RemoteTestNG.initAndRun(RemoteTestNG.java:293)
at org.testng.remote.RemoteTestNG.main(RemoteTestNG.java:91)
]]>
            </full-stacktrace>
          </exception> <!-- java.lang.RuntimeException -->
          <reporter-output>
          </reporter-output>
        </test-method> <!-- increaseQuantityInCart -->
      </class> <!-- com.ajio.tests.CartQuantityAjio -->
      <class name="com.ajio.tests.RemoveFromCartAjio">
        <test-method signature="removeProductFromCart()[pri:0, instance:com.ajio.tests.RemoveFromCartAjio@5dda768f]" started-at="2025-10-30T13:12:26 IST" name="removeProductFromCart" finished-at="2025-10-30T13:12:59 IST" duration-ms="33006" status="PASS">
          <reporter-output>
          </reporter-output>
        </test-method> <!-- removeProductFromCart -->
      </class> <!-- com.ajio.tests.RemoveFromCartAjio -->
      <class name="com.ajio.tests.AddToCartAjio">
        <test-method signature="addProductToCart()[pri:0, instance:com.ajio.tests.AddToCartAjio@fbd1f6]" started-at="2025-10-30T13:11:47 IST" name="addProductToCart" finished-at="2025-10-30T13:12:06 IST" duration-ms="18785" status="PASS">
          <reporter-output>
          </reporter-output>
        </test-method> <!-- addProductToCart -->
      </class> <!-- com.ajio.tests.AddToCartAjio -->
    </test> <!-- Ajio End-to-End Tests -->
  </suite> <!-- Ajio Automation Suite -->
</testng-results>
